This file contains any messages produced by compilers while
running configure, to aid debugging if configure makes a mistake.

It was created by clicky configure 0.1, which was
generated by GNU Autoconf 2.67.  Invocation command line was

  $ ./configure 

## --------- ##
## Platform. ##
## --------- ##

hostname = MBP-van-Ruben.lan
uname -m = x86_64
uname -r = 16.0.0
uname -s = Darwin
uname -v = Darwin Kernel Version 16.0.0: Mon Aug 29 17:56:20 PDT 2016; root:xnu-3789.1.32~3/RELEASE_X86_64

/usr/bin/uname -p = i386
/bin/uname -X     = unknown

/bin/arch              = unknown
/usr/bin/arch -k       = unknown
/usr/convex/getsysinfo = unknown
/usr/bin/hostinfo      = Mach kernel version:
	 Darwin Kernel Version 16.0.0: Mon Aug 29 17:56:20 PDT 2016; root:xnu-3789.1.32~3/RELEASE_X86_64
Kernel configured for up to 4 processors.
2 processors are physically available.
4 processors are logically available.
Processor type: i486 (Intel 80486)
Processors active: 0 1 2 3
Primary memory available: 8.00 gigabytes
Default processor set: 334 tasks, 1305 threads, 4 processors
Load average: 1.35, Mach factor: 2.63
/bin/machine           = unknown
/usr/bin/oslevel       = unknown
/bin/universe          = unknown

PATH: /Library/Frameworks/Python.framework/Versions/3.5/bin
PATH: /usr/local/Cellar/php70/7.0.11_5/bin/php
PATH: /Library/Frameworks/Python.framework/Versions/2.7/bin
PATH: /usr/local/bin
PATH: /usr/bin
PATH: /bin
PATH: /usr/sbin
PATH: /sbin
PATH: /opt/X11/bin
PATH: /Library/TeX/texbin


## ----------- ##
## Core tests. ##
## ----------- ##

configure:2006: checking for a BSD-compatible install
configure:2074: result: /usr/bin/install -c
configure:2085: checking whether build environment is sane
configure:2135: result: yes
configure:2276: checking for a thread-safe mkdir -p
configure:2315: result: ./../../install-sh -c -d
configure:2328: checking for gawk
configure:2358: result: no
configure:2328: checking for mawk
configure:2358: result: no
configure:2328: checking for nawk
configure:2358: result: no
configure:2328: checking for awk
configure:2344: found /usr/bin/awk
configure:2355: result: awk
configure:2366: checking whether make sets $(MAKE)
configure:2388: result: yes
configure:2471: checking whether to enable maintainer-specific portions of Makefiles
configure:2480: result: no
configure:2507: checking for style of include used by make
configure:2535: result: GNU
configure:2605: checking for gcc
configure:2621: found /usr/bin/gcc
configure:2632: result: gcc
configure:2861: checking for C compiler version
configure:2870: gcc --version >&5
Apple LLVM version 8.0.0 (clang-800.0.42.1)
Target: x86_64-apple-darwin16.0.0
Thread model: posix
InstalledDir: /Applications/Xcode.app/Contents/Developer/Toolchains/XcodeDefault.xctoolchain/usr/bin
Configured with: --prefix=/Applications/Xcode.app/Contents/Developer/usr --with-gxx-include-dir=/Applications/Xcode.app/Contents/Developer/Platforms/MacOSX.platform/Developer/SDKs/MacOSX10.12.sdk/usr/include/c++/4.2.1
configure:2881: $? = 0
configure:2870: gcc -v >&5
Configured with: --prefix=/Applications/Xcode.app/Contents/Developer/usr --with-gxx-include-dir=/Applications/Xcode.app/Contents/Developer/Platforms/MacOSX.platform/Developer/SDKs/MacOSX10.12.sdk/usr/include/c++/4.2.1
Apple LLVM version 8.0.0 (clang-800.0.42.1)
Target: x86_64-apple-darwin16.0.0
Thread model: posix
InstalledDir: /Applications/Xcode.app/Contents/Developer/Toolchains/XcodeDefault.xctoolchain/usr/bin
configure:2881: $? = 0
configure:2870: gcc -V >&5
clang: error: argument to '-V' is missing (expected 1 value)
clang: error: no input files
configure:2881: $? = 1
configure:2870: gcc -qversion >&5
clang: error: unknown argument: '-qversion'
clang: error: no input files
configure:2881: $? = 1
configure:2901: checking whether the C compiler works
configure:2923: gcc    conftest.c  >&5
configure:2927: $? = 0
configure:2975: result: yes
configure:2978: checking for C compiler default output file name
configure:2980: result: a.out
configure:2986: checking for suffix of executables
configure:2993: gcc -o conftest    conftest.c  >&5
configure:2997: $? = 0
configure:3019: result: 
configure:3041: checking whether we are cross compiling
configure:3049: gcc -o conftest    conftest.c  >&5
configure:3053: $? = 0
configure:3060: ./conftest
configure:3064: $? = 0
configure:3079: result: no
configure:3084: checking for suffix of object files
configure:3106: gcc -c   conftest.c >&5
configure:3110: $? = 0
configure:3131: result: o
configure:3135: checking whether we are using the GNU C compiler
configure:3154: gcc -c   conftest.c >&5
configure:3154: $? = 0
configure:3163: result: yes
configure:3172: checking whether gcc accepts -g
configure:3192: gcc -c -g  conftest.c >&5
configure:3192: $? = 0
configure:3233: result: yes
configure:3250: checking for gcc option to accept ISO C89
configure:3314: gcc  -c -g -O2  conftest.c >&5
configure:3314: $? = 0
configure:3327: result: none needed
configure:3349: checking dependency style of gcc
configure:3459: result: gcc3
configure:3475: checking for library containing strerror
configure:3506: gcc -o conftest -g -O2   conftest.c  >&5
conftest.c:18:6: warning: incompatible redeclaration of library function 'strerror' [-Wincompatible-library-redeclaration]
char strerror ();
     ^
conftest.c:18:6: note: 'strerror' is a builtin with type 'char *(int)'
1 warning generated.
configure:3506: $? = 0
configure:3523: result: none required
configure:3531: checking whether make sets $(MAKE)
configure:3553: result: yes
configure:3610: checking for gcc
configure:3637: result: gcc
configure:3866: checking for C compiler version
configure:3875: gcc --version >&5
Apple LLVM version 8.0.0 (clang-800.0.42.1)
Target: x86_64-apple-darwin16.0.0
Thread model: posix
InstalledDir: /Applications/Xcode.app/Contents/Developer/Toolchains/XcodeDefault.xctoolchain/usr/bin
Configured with: --prefix=/Applications/Xcode.app/Contents/Developer/usr --with-gxx-include-dir=/Applications/Xcode.app/Contents/Developer/Platforms/MacOSX.platform/Developer/SDKs/MacOSX10.12.sdk/usr/include/c++/4.2.1
configure:3886: $? = 0
configure:3875: gcc -v >&5
Configured with: --prefix=/Applications/Xcode.app/Contents/Developer/usr --with-gxx-include-dir=/Applications/Xcode.app/Contents/Developer/Platforms/MacOSX.platform/Developer/SDKs/MacOSX10.12.sdk/usr/include/c++/4.2.1
Apple LLVM version 8.0.0 (clang-800.0.42.1)
Target: x86_64-apple-darwin16.0.0
Thread model: posix
InstalledDir: /Applications/Xcode.app/Contents/Developer/Toolchains/XcodeDefault.xctoolchain/usr/bin
configure:3886: $? = 0
configure:3875: gcc -V >&5
clang: error: argument to '-V' is missing (expected 1 value)
clang: error: no input files
configure:3886: $? = 1
configure:3875: gcc -qversion >&5
clang: error: unknown argument: '-qversion'
clang: error: no input files
configure:3886: $? = 1
configure:3890: checking whether we are using the GNU C compiler
configure:3918: result: yes
configure:3927: checking whether gcc accepts -g
configure:3988: result: yes
configure:4005: checking for gcc option to accept ISO C89
configure:4082: result: none needed
configure:4104: checking dependency style of gcc
configure:4214: result: gcc3
configure:4277: checking for gcc
configure:4304: result: gcc
configure:4533: checking for C compiler version
configure:4542: gcc --version >&5
Apple LLVM version 8.0.0 (clang-800.0.42.1)
Target: x86_64-apple-darwin16.0.0
Thread model: posix
InstalledDir: /Applications/Xcode.app/Contents/Developer/Toolchains/XcodeDefault.xctoolchain/usr/bin
Configured with: --prefix=/Applications/Xcode.app/Contents/Developer/usr --with-gxx-include-dir=/Applications/Xcode.app/Contents/Developer/Platforms/MacOSX.platform/Developer/SDKs/MacOSX10.12.sdk/usr/include/c++/4.2.1
configure:4553: $? = 0
configure:4542: gcc -v >&5
Configured with: --prefix=/Applications/Xcode.app/Contents/Developer/usr --with-gxx-include-dir=/Applications/Xcode.app/Contents/Developer/Platforms/MacOSX.platform/Developer/SDKs/MacOSX10.12.sdk/usr/include/c++/4.2.1
Apple LLVM version 8.0.0 (clang-800.0.42.1)
Target: x86_64-apple-darwin16.0.0
Thread model: posix
InstalledDir: /Applications/Xcode.app/Contents/Developer/Toolchains/XcodeDefault.xctoolchain/usr/bin
configure:4553: $? = 0
configure:4542: gcc -V >&5
clang: error: argument to '-V' is missing (expected 1 value)
clang: error: no input files
configure:4553: $? = 1
configure:4542: gcc -qversion >&5
clang: error: unknown argument: '-qversion'
clang: error: no input files
configure:4553: $? = 1
configure:4557: checking whether we are using the GNU C compiler
configure:4585: result: yes
configure:4594: checking whether gcc accepts -g
configure:4655: result: yes
configure:4672: checking for gcc option to accept ISO C89
configure:4749: result: none needed
configure:4771: checking dependency style of gcc
configure:4881: result: gcc3
configure:4904: checking how to run the C preprocessor
configure:4935: gcc -E  conftest.c
configure:4935: $? = 0
configure:4949: gcc -E  conftest.c
conftest.c:11:10: fatal error: 'ac_nonexistent.h' file not found
#include <ac_nonexistent.h>
         ^
1 error generated.
configure:4949: $? = 1
configure: failed program was:
| /* confdefs.h */
| #define PACKAGE_NAME "clicky"
| #define PACKAGE_TARNAME "clicky"
| #define PACKAGE_VERSION "0.1"
| #define PACKAGE_STRING "clicky 0.1"
| #define PACKAGE_BUGREPORT ""
| #define PACKAGE_URL ""
| #define PACKAGE "clicky"
| #define VERSION "0.1"
| /* end confdefs.h.  */
| #include <ac_nonexistent.h>
configure:4974: result: gcc -E
configure:4994: gcc -E  conftest.c
configure:4994: $? = 0
configure:5008: gcc -E  conftest.c
conftest.c:11:10: fatal error: 'ac_nonexistent.h' file not found
#include <ac_nonexistent.h>
         ^
1 error generated.
configure:5008: $? = 1
configure: failed program was:
| /* confdefs.h */
| #define PACKAGE_NAME "clicky"
| #define PACKAGE_TARNAME "clicky"
| #define PACKAGE_VERSION "0.1"
| #define PACKAGE_STRING "clicky 0.1"
| #define PACKAGE_BUGREPORT ""
| #define PACKAGE_URL ""
| #define PACKAGE "clicky"
| #define VERSION "0.1"
| /* end confdefs.h.  */
| #include <ac_nonexistent.h>
configure:5094: checking for g++
configure:5110: found /usr/bin/g++
configure:5121: result: g++
configure:5148: checking for C++ compiler version
configure:5157: g++ --version >&5
Apple LLVM version 8.0.0 (clang-800.0.42.1)
Target: x86_64-apple-darwin16.0.0
Thread model: posix
InstalledDir: /Applications/Xcode.app/Contents/Developer/Toolchains/XcodeDefault.xctoolchain/usr/bin
Configured with: --prefix=/Applications/Xcode.app/Contents/Developer/usr --with-gxx-include-dir=/Applications/Xcode.app/Contents/Developer/Platforms/MacOSX.platform/Developer/SDKs/MacOSX10.12.sdk/usr/include/c++/4.2.1
configure:5168: $? = 0
configure:5157: g++ -v >&5
Configured with: --prefix=/Applications/Xcode.app/Contents/Developer/usr --with-gxx-include-dir=/Applications/Xcode.app/Contents/Developer/Platforms/MacOSX.platform/Developer/SDKs/MacOSX10.12.sdk/usr/include/c++/4.2.1
Apple LLVM version 8.0.0 (clang-800.0.42.1)
Target: x86_64-apple-darwin16.0.0
Thread model: posix
InstalledDir: /Applications/Xcode.app/Contents/Developer/Toolchains/XcodeDefault.xctoolchain/usr/bin
configure:5168: $? = 0
configure:5157: g++ -V >&5
clang: error: argument to '-V' is missing (expected 1 value)
clang: error: no input files
configure:5168: $? = 1
configure:5157: g++ -qversion >&5
clang: error: unknown argument: '-qversion'
clang: error: no input files
configure:5168: $? = 1
configure:5172: checking whether we are using the GNU C++ compiler
configure:5191: g++ -c   conftest.cpp >&5
configure:5191: $? = 0
configure:5200: result: yes
configure:5209: checking whether g++ accepts -g
configure:5229: g++ -c -g  conftest.cpp >&5
configure:5229: $? = 0
configure:5270: result: yes
configure:5295: checking dependency style of g++
configure:5405: result: gcc3
configure:5425: checking how to run the C++ preprocessor
configure:5452: g++ -E  conftest.cpp
configure:5452: $? = 0
configure:5466: g++ -E  conftest.cpp
conftest.cpp:11:10: fatal error: 'ac_nonexistent.h' file not found
#include <ac_nonexistent.h>
         ^
1 error generated.
configure:5466: $? = 1
configure: failed program was:
| /* confdefs.h */
| #define PACKAGE_NAME "clicky"
| #define PACKAGE_TARNAME "clicky"
| #define PACKAGE_VERSION "0.1"
| #define PACKAGE_STRING "clicky 0.1"
| #define PACKAGE_BUGREPORT ""
| #define PACKAGE_URL ""
| #define PACKAGE "clicky"
| #define VERSION "0.1"
| /* end confdefs.h.  */
| #include <ac_nonexistent.h>
configure:5491: result: g++ -E
configure:5511: g++ -E  conftest.cpp
configure:5511: $? = 0
configure:5525: g++ -E  conftest.cpp
conftest.cpp:11:10: fatal error: 'ac_nonexistent.h' file not found
#include <ac_nonexistent.h>
         ^
1 error generated.
configure:5525: $? = 1
configure: failed program was:
| /* confdefs.h */
| #define PACKAGE_NAME "clicky"
| #define PACKAGE_TARNAME "clicky"
| #define PACKAGE_VERSION "0.1"
| #define PACKAGE_STRING "clicky 0.1"
| #define PACKAGE_BUGREPORT ""
| #define PACKAGE_URL ""
| #define PACKAGE "clicky"
| #define VERSION "0.1"
| /* end confdefs.h.  */
| #include <ac_nonexistent.h>
configure:5610: checking for pkg-config
configure:5628: found /usr/local/bin/pkg-config
configure:5640: result: /usr/local/bin/pkg-config
configure:5665: checking pkg-config is at least version 0.9.0
configure:5668: result: yes
configure:5678: checking for PACKAGE
configure:5685: $PKG_CONFIG --exists --print-errors "$pkg_modules"
configure:5688: $? = 0
configure:5701: $PKG_CONFIG --exists --print-errors "$pkg_modules"
configure:5704: $? = 0
configure:5761: result: yes
configure:5944: creating ./config.status

## ---------------------- ##
## Running config.status. ##
## ---------------------- ##

This file was extended by clicky config.status 0.1, which was
generated by GNU Autoconf 2.67.  Invocation command line was

  CONFIG_FILES    = 
  CONFIG_HEADERS  = 
  CONFIG_LINKS    = 
  CONFIG_COMMANDS = 
  $ ./config.status 

on MBP-van-Ruben.lan

config.status:873: creating Makefile
config.status:873: creating src/Makefile
config.status:873: creating config.h
config.status:1101: executing depfiles commands

## ---------------- ##
## Cache variables. ##
## ---------------- ##

ac_cv_c_compiler_gnu=yes
ac_cv_cxx_compiler_gnu=yes
ac_cv_env_CCC_set=
ac_cv_env_CCC_value=
ac_cv_env_CC_set=
ac_cv_env_CC_value=
ac_cv_env_CFLAGS_set=
ac_cv_env_CFLAGS_value=
ac_cv_env_CPPFLAGS_set=
ac_cv_env_CPPFLAGS_value=
ac_cv_env_CPP_set=
ac_cv_env_CPP_value=
ac_cv_env_CXXCPP_set=
ac_cv_env_CXXCPP_value=
ac_cv_env_CXXFLAGS_set=
ac_cv_env_CXXFLAGS_value=
ac_cv_env_CXX_set=
ac_cv_env_CXX_value=
ac_cv_env_LDFLAGS_set=
ac_cv_env_LDFLAGS_value=
ac_cv_env_LIBS_set=
ac_cv_env_LIBS_value=
ac_cv_env_PACKAGE_CFLAGS_set=
ac_cv_env_PACKAGE_CFLAGS_value=
ac_cv_env_PACKAGE_LIBS_set=
ac_cv_env_PACKAGE_LIBS_value=
ac_cv_env_PKG_CONFIG_LIBDIR_set=
ac_cv_env_PKG_CONFIG_LIBDIR_value=
ac_cv_env_PKG_CONFIG_PATH_set=
ac_cv_env_PKG_CONFIG_PATH_value=
ac_cv_env_PKG_CONFIG_set=
ac_cv_env_PKG_CONFIG_value=
ac_cv_env_build_alias_set=
ac_cv_env_build_alias_value=
ac_cv_env_host_alias_set=
ac_cv_env_host_alias_value=
ac_cv_env_target_alias_set=
ac_cv_env_target_alias_value=
ac_cv_objext=o
ac_cv_path_ac_pt_PKG_CONFIG=/usr/local/bin/pkg-config
ac_cv_path_install='/usr/bin/install -c'
ac_cv_prog_AWK=awk
ac_cv_prog_CPP='gcc -E'
ac_cv_prog_CXXCPP='g++ -E'
ac_cv_prog_ac_ct_CC=gcc
ac_cv_prog_ac_ct_CXX=g++
ac_cv_prog_cc_c89=
ac_cv_prog_cc_g=yes
ac_cv_prog_cxx_g=yes
ac_cv_prog_make_make_set=yes
ac_cv_search_strerror='none required'
am_cv_CC_dependencies_compiler_type=gcc3
am_cv_CXX_dependencies_compiler_type=gcc3
am_cv_prog_cc_stdc=
pkg_cv_PACKAGE_CFLAGS='-D_REENTRANT -I/usr/local/Cellar/gtk+/2.24.30/include/gtk-2.0 -I/usr/local/Cellar/gtk+/2.24.30/lib/gtk-2.0/include -I/usr/local/Cellar/pango/1.38.1/include/pango-1.0 -I/usr/local/Cellar/harfbuzz/1.2.6/include/harfbuzz -I/usr/local/Cellar/pango/1.38.1/include/pango-1.0 -I/usr/local/Cellar/atk/2.18.0_1/include/atk-1.0 -I/usr/local/Cellar/cairo/1.14.6_1/include/cairo -I/usr/local/Cellar/pixman/0.34.0/include/pixman-1 -I/usr/local/Cellar/fontconfig/2.12.1_2/include -I/usr/local/opt/freetype/include/freetype2 -I/usr/local/Cellar/libpng/1.6.28/include/libpng16 -I/usr/local/Cellar/gdk-pixbuf/2.32.3/include/gdk-pixbuf-2.0 -I/usr/local/Cellar/libpng/1.6.28/include/libpng16 -I/usr/local/Cellar/glib/2.50.1/include/glib-2.0 -I/usr/local/Cellar/glib/2.50.1/lib/glib-2.0/include -I/usr/local/opt/gettext/include -I/usr/local/Cellar/pcre/8.39/include'
pkg_cv_PACKAGE_LIBS='-L/usr/local/Cellar/gtk+/2.24.30/lib -L/usr/local/Cellar/pango/1.38.1/lib -L/usr/local/Cellar/atk/2.18.0_1/lib -L/usr/local/Cellar/cairo/1.14.6_1/lib -L/usr/local/Cellar/gdk-pixbuf/2.32.3/lib -L/usr/local/Cellar/glib/2.50.1/lib -L/usr/local/opt/gettext/lib -lgtk-quartz-2.0 -lgdk-quartz-2.0 -lpangocairo-1.0 -lpango-1.0 -latk-1.0 -lcairo -lgdk_pixbuf-2.0 -lgio-2.0 -lgobject-2.0 -lglib-2.0 -lintl'

## ----------------- ##
## Output variables. ##
## ----------------- ##

ACLOCAL='${SHELL} /Users/Ruben/documents/school/telecom/telecom/click/missing --run aclocal-1.11'
AMDEPBACKSLASH='\'
AMDEP_FALSE='#'
AMDEP_TRUE=''
AMTAR='${SHELL} /Users/Ruben/documents/school/telecom/telecom/click/missing --run tar'
AUTOCONF='${SHELL} /Users/Ruben/documents/school/telecom/telecom/click/missing --run autoconf'
AUTOHEADER='${SHELL} /Users/Ruben/documents/school/telecom/telecom/click/missing --run autoheader'
AUTOMAKE='${SHELL} /Users/Ruben/documents/school/telecom/telecom/click/missing --run automake-1.11'
AWK='awk'
CC='gcc -W -Wall'
CCDEPMODE='depmode=gcc3'
CFLAGS='-g -O2'
CLICKTOOL_LIBS='`$(clickbindir)/click-buildtool --toollibs`'
CPP='gcc -E'
CPPFLAGS=''
CXX='g++ -W -Wall'
CXXCPP='g++ -E'
CXXDEPMODE='depmode=gcc3'
CXXFLAGS='-g -O2'
CYGPATH_W='echo'
DEFS='-DHAVE_CONFIG_H'
DEPDIR='.deps'
ECHO_C='\c'
ECHO_N=''
ECHO_T=''
EXEEXT=''
INSTALL_DATA='${INSTALL} -m 644'
INSTALL_PROGRAM='${INSTALL}'
INSTALL_SCRIPT='${INSTALL}'
INSTALL_STRIP_PROGRAM='$(install_sh) -c -s'
LDFLAGS=''
LIBOBJS=''
LIBS=''
LTLIBOBJS=''
MAINT='#'
MAINTAINER_MODE_FALSE=''
MAINTAINER_MODE_TRUE='#'
MAKEINFO='${SHELL} /Users/Ruben/documents/school/telecom/telecom/click/missing --run makeinfo'
MKDIR_P='./../../install-sh -c -d'
OBJEXT='o'
PACKAGE='clicky'
PACKAGE_BUGREPORT=''
PACKAGE_CFLAGS='-D_REENTRANT -I/usr/local/Cellar/gtk+/2.24.30/include/gtk-2.0 -I/usr/local/Cellar/gtk+/2.24.30/lib/gtk-2.0/include -I/usr/local/Cellar/pango/1.38.1/include/pango-1.0 -I/usr/local/Cellar/harfbuzz/1.2.6/include/harfbuzz -I/usr/local/Cellar/pango/1.38.1/include/pango-1.0 -I/usr/local/Cellar/atk/2.18.0_1/include/atk-1.0 -I/usr/local/Cellar/cairo/1.14.6_1/include/cairo -I/usr/local/Cellar/pixman/0.34.0/include/pixman-1 -I/usr/local/Cellar/fontconfig/2.12.1_2/include -I/usr/local/opt/freetype/include/freetype2 -I/usr/local/Cellar/libpng/1.6.28/include/libpng16 -I/usr/local/Cellar/gdk-pixbuf/2.32.3/include/gdk-pixbuf-2.0 -I/usr/local/Cellar/libpng/1.6.28/include/libpng16 -I/usr/local/Cellar/glib/2.50.1/include/glib-2.0 -I/usr/local/Cellar/glib/2.50.1/lib/glib-2.0/include -I/usr/local/opt/gettext/include -I/usr/local/Cellar/pcre/8.39/include'
PACKAGE_LIBS='-L/usr/local/Cellar/gtk+/2.24.30/lib -L/usr/local/Cellar/pango/1.38.1/lib -L/usr/local/Cellar/atk/2.18.0_1/lib -L/usr/local/Cellar/cairo/1.14.6_1/lib -L/usr/local/Cellar/gdk-pixbuf/2.32.3/lib -L/usr/local/Cellar/glib/2.50.1/lib -L/usr/local/opt/gettext/lib -lgtk-quartz-2.0 -lgdk-quartz-2.0 -lpangocairo-1.0 -lpango-1.0 -latk-1.0 -lcairo -lgdk_pixbuf-2.0 -lgio-2.0 -lgobject-2.0 -lglib-2.0 -lintl'
PACKAGE_NAME='clicky'
PACKAGE_STRING='clicky 0.1'
PACKAGE_TARNAME='clicky'
PACKAGE_URL=''
PACKAGE_VERSION='0.1'
PATH_SEPARATOR=':'
PKG_CONFIG='/usr/local/bin/pkg-config'
PKG_CONFIG_LIBDIR=''
PKG_CONFIG_PATH=''
SET_MAKE=''
SHELL='/bin/sh'
STRIP=''
VERSION='0.1'
ac_configure_args=''
ac_ct_CC='gcc'
ac_ct_CXX='g++'
am__EXEEXT_FALSE=''
am__EXEEXT_TRUE='#'
am__fastdepCC_FALSE='#'
am__fastdepCC_TRUE=''
am__fastdepCXX_FALSE='#'
am__fastdepCXX_TRUE=''
am__include='include'
am__isrc=''
am__leading_dot='.'
am__quote=''
am__tar='${AMTAR} chof - "$$tardir"'
am__untar='${AMTAR} xf -'
bindir='${exec_prefix}/bin'
build_alias=''
clickbindir='/usr/local/bin'
clickdatadir='/usr/local/share/click'
clickprefix='/usr/local'
clicksbindir='/usr/local/sbin'
datadir='${datarootdir}'
datarootdir='${prefix}/share'
docdir='${datarootdir}/doc/${PACKAGE_TARNAME}'
dvidir='${docdir}'
exec_prefix='${prefix}'
host_alias=''
htmldir='${docdir}'
includedir='${prefix}/include'
infodir='${datarootdir}/info'
install_sh='${SHELL} /Users/Ruben/documents/school/telecom/telecom/click/install-sh'
libdir='${exec_prefix}/lib'
libexecdir='${exec_prefix}/libexec'
localedir='${datarootdir}/locale'
localstatedir='${prefix}/var'
mandir='${datarootdir}/man'
mkdir_p='$(top_builddir)/./../../install-sh -c -d'
oldincludedir='/usr/include'
pdfdir='${docdir}'
prefix='/usr/local'
program_transform_name='s,x,x,'
psdir='${docdir}'
sbindir='${exec_prefix}/sbin'
sharedstatedir='${prefix}/com'
sysconfdir='${prefix}/etc'
target_alias=''

## ----------- ##
## confdefs.h. ##
## ----------- ##

/* confdefs.h */
#define PACKAGE_NAME "clicky"
#define PACKAGE_TARNAME "clicky"
#define PACKAGE_VERSION "0.1"
#define PACKAGE_STRING "clicky 0.1"
#define PACKAGE_BUGREPORT ""
#define PACKAGE_URL ""
#define PACKAGE "clicky"
#define VERSION "0.1"

configure: exit 0
